#
# A fatal error has been detected by the Java Runtime Environment:
#
#  EXCEPTION_ACCESS_VIOLATION (0xc0000005) at pc=0x0000000077617b0b, pid=2464, tid=3828
#
# JRE version: 6.0_17-b04
# Java VM: Java HotSpot(TM) 64-Bit Server VM (14.3-b01 mixed mode windows-amd64 )
# Problematic frame:
# C  [ntdll.dll+0x27b0b]
#
# If you would like to submit a bug report, please visit:
#   http://java.sun.com/webapps/bugreport/crash.jsp
# The crash happened outside the Java Virtual Machine in native code.
# See problematic frame for where to report the bug.
#

---------------  T H R E A D  ---------------

Current thread (0x0000000067bc3000):  JavaThread "Thread-307" [_thread_in_native, id=3828, stack(0x0000000154030000,0x0000000158030000)]

siginfo: ExceptionCode=0xc0000005, reading address 0x000000001d42ee60

Registers:
EAX=0x0000000000000000, EBX=0x000000015802c9f0, ECX=0xffffffffffffffff, EDX=0x000000015802c9f0
ESP=0x000000015802c8d0, EBP=0x000000015802c9a8, ESI=0x000000015802ca08, EDI=0x000000001d42ee60
EIP=0x0000000077617b0b, EFLAGS=0x0000000000010246

Top of Stack: (sp=0x000000015802c8d0)
0x000000015802c8d0:   0000000000000000 000000011d426090
0x000000015802c8e0:   000000015802c920 000000015802cf38
0x000000015802c8f0:   0000000000000000 0000000007c41490
0x000000015802c900:   0000000000000000 000000015802caf8
0x000000015802c910:   000000015802cb30 000000001d42ee60
0x000000015802c920:   000000011d42ee60 0000000000000000
0x000000015802c930:   0000000000000000 0000000007c41fa7
0x000000015802c940:   000000015802c9a8 0000000000000008
0x000000015802c950:   000000015802cb30 0000000000000002
0x000000015802c960:   0000000000000000 000036b75802c9f0
0x000000015802c970:   0000000000000000 000007fefd720052
0x000000015802c980:   000000001d42ee60 000000015802c9f0
0x000000015802c990:   000000015802c9a8 000000015802ca08
0x000000015802c9a0:   ffffffffffffffff 00000000007c007a
0x000000015802c9b0:   000000015802cb30 0000000000000000
0x000000015802c9c0:   0000000000000282 00000000773e9bef 

Instructions: (pc=0x0000000077617b0b)
0x0000000077617afb:   84 bf c7 01 00 48 83 c9 ff 33 c0 48 89 7c 24 48
0x0000000077617b0b:   66 f2 af 48 f7 d1 48 ff c9 48 81 f9 fe 7f 00 00 


Stack: [0x0000000154030000,0x0000000158030000],  sp=0x000000015802c8d0,  free space=65522k
Native frames: (J=compiled Java code, j=interpreted, Vv=VM code, C=native code)
C  [ntdll.dll+0x27b0b]

Java frames: (J=compiled Java code, j=interpreted, Vv=VM code)
j  com.mathworks.util.NativeJava.showNativeFileDialogMulti(JZLjava/lang/String;Ljava/lang/String;Ljava/lang/String;Ljava/lang/String;ZZLjava/lang/String;I)Ljava/lang/Object;+0
j  com.mathworks.mwswing.MJFileChooserPerPlatform$RunnableNativeDispatch.runNative()V+37
j  com.mathworks.mwswing.MJFileChooserPerPlatform$RunnableNativeDispatch.runWindows()V+22
j  com.mathworks.mwswing.MJFileChooserPerPlatform$RunnableNativeDispatch.run()V+7
j  java.lang.Thread.run()V+11
v  ~StubRoutines::call_stub

---------------  P R O C E S S  ---------------

Java Threads: ( => current thread )
  0x0000000067bc1800 JavaThread "Foxtrot Multi Worker Thread Runner #6" daemon [_thread_blocked, id=2204, stack(0x0000000158030000,0x000000015c030000)]
=>0x0000000067bc3000 JavaThread "Thread-307" [_thread_in_native, id=3828, stack(0x0000000154030000,0x0000000158030000)]
  0x0000000067bc6800 JavaThread "FileDecorationCache request queue" daemon [_thread_blocked, id=4496, stack(0x0000000150030000,0x0000000154030000)]
  0x0000000067bc1000 JavaThread "RecordlistTable Timer" daemon [_thread_blocked, id=3556, stack(0x0000000137e40000,0x000000013be40000)]
  0x0000000060881800 JavaThread "pool-6-thread-1" [_thread_blocked, id=688, stack(0x00000000e8770000,0x00000000ec770000)]
  0x0000000060880000 JavaThread "Prefs Updater" daemon [_thread_blocked, id=2884, stack(0x0000000108770000,0x000000010c770000)]
  0x000000006087b800 JavaThread "Foxtrot Multi Worker Thread Runner #1" daemon [_thread_blocked, id=4196, stack(0x0000000104770000,0x0000000108770000)]
  0x0000000060881000 JavaThread "Active Reference Queue Daemon" daemon [_thread_blocked, id=5016, stack(0x00000001165a0000,0x000000011a5a0000)]
  0x0000000060876800 JavaThread "Timer-2" daemon [_thread_blocked, id=4320, stack(0x0000000110320000,0x0000000114320000)]
  0x000000006087e800 JavaThread "Timer-1" daemon [_thread_blocked, id=4624, stack(0x0000000100770000,0x0000000104770000)]
  0x0000000067bc0000 JavaThread "com.jniwrapper.NativeResourceCollector" daemon [_thread_blocked, id=2680, stack(0x00000000f4770000,0x00000000f8770000)]
  0x000000006087a800 JavaThread "Swing-Shell" daemon [_thread_blocked, id=4312, stack(0x00000000d8770000,0x00000000dc770000)]
  0x000000006087c800 JavaThread "ClipboardMonitor Timer" daemon [_thread_blocked, id=4492, stack(0x00000000dc770000,0x00000000e0770000)]
  0x000000006087b000 JavaThread "Explorer NavigationContext request queue" daemon [_thread_blocked, id=992, stack(0x00000000d4770000,0x00000000d8770000)]
  0x0000000060879800 JavaThread "AddressBar directory emptiness poller" daemon [_thread_blocked, id=4336, stack(0x00000000cc770000,0x00000000d0770000)]
  0x0000000060879000 JavaThread "Explorer Refresh Service 1615035851" daemon [_thread_blocked, id=644, stack(0x00000000c8770000,0x00000000cc770000)]
  0x0000000060878000 JavaThread "Thread-4" daemon [_thread_blocked, id=3324, stack(0x00000000c0770000,0x00000000c4770000)]
  0x0000000060876000 JavaThread "TimerQueue" daemon [_thread_blocked, id=4908, stack(0x00000000b4770000,0x00000000b8770000)]
  0x0000000060875000 JavaThread "Thread-3" daemon [_thread_blocked, id=4468, stack(0x00000000a4770000,0x00000000a8770000)]
  0x0000000060874800 JavaThread "AWT-EventQueue-0" [_thread_blocked, id=2556, stack(0x00000000a0770000,0x00000000a4770000)]
  0x0000000060874000 JavaThread "AWT-Shutdown" [_thread_blocked, id=4288, stack(0x000000009c770000,0x00000000a0770000)]
  0x0000000060873000 JavaThread "FelixPackageAdmin" daemon [_thread_blocked, id=3924, stack(0x00000000b0770000,0x00000000b4770000)]
  0x0000000060872800 JavaThread "FelixStartLevel" daemon [_thread_blocked, id=4848, stack(0x00000000ac770000,0x00000000b0770000)]
  0x00000000608c1800 JavaThread "FelixDispatchQueue" daemon [_thread_blocked, id=1108, stack(0x00000000a8770000,0x00000000ac770000)]
  0x00000000606de000 JavaThread "com.google.common.base.internal.Finalizer" daemon [_thread_blocked, id=4732, stack(0x0000000098770000,0x000000009c770000)]
  0x00000000606db000 JavaThread "AWT-Windows" daemon [_thread_in_native, id=2000, stack(0x0000000090770000,0x0000000094770000)]
  0x00000000606da000 JavaThread "Java2D Disposer" daemon [_thread_blocked, id=3784, stack(0x0000000088770000,0x000000008c770000)]
  0x00000000601ef000 JavaThread "Timer-0" [_thread_blocked, id=4344, stack(0x0000000084770000,0x0000000088770000)]
  0x000000005fd2c800 JavaThread "EventMgr Dispatcher" daemon [_thread_in_native, id=668, stack(0x0000000080770000,0x0000000084770000)]
  0x0000000042fd4000 JavaThread "Low Memory Detector" daemon [_thread_blocked, id=3392, stack(0x000000005b120000,0x000000005f120000)]
  0x0000000042fd2000 JavaThread "CompilerThread1" daemon [_thread_blocked, id=4860, stack(0x0000000057120000,0x000000005b120000)]
  0x00000000064ef800 JavaThread "CompilerThread0" daemon [_thread_blocked, id=3264, stack(0x0000000053120000,0x0000000057120000)]
  0x00000000064ee800 JavaThread "Attach Listener" daemon [_thread_blocked, id=4744, stack(0x000000004f120000,0x0000000053120000)]
  0x00000000064dc800 JavaThread "Finalizer" daemon [_thread_blocked, id=3372, stack(0x000000004b120000,0x000000004f120000)]
  0x00000000064d4000 JavaThread "Reference Handler" daemon [_thread_blocked, id=4440, stack(0x0000000047120000,0x000000004b120000)]
  0x000000000641e000 JavaThread "main" [_thread_in_native, id=4912, stack(0x0000000000030000,0x0000000004030000)]

Other Threads:
  0x0000000042f82800 VMThread [stack: 0x0000000043120000,0x0000000047120000] [id=2328]
  0x00000000430c3000 WatcherThread [stack: 0x0000000062660000,0x0000000066660000] [id=3024]

VM state:not at safepoint (normal execution)

VM Mutex/Monitor currently owned by a thread: None

Heap
 PSYoungGen      total 15680K, used 15340K [0x0000000037e20000, 0x0000000038e20000, 0x000000003af20000)
  eden space 14976K, 99% used [0x0000000037e20000,0x0000000038cb5b20,0x0000000038cc0000)
  from space 704K, 57% used [0x0000000038d70000,0x0000000038dd5690,0x0000000038e20000)
  to   space 704K, 0% used [0x0000000038cc0000,0x0000000038cc0000,0x0000000038d70000)
 PSOldGen        total 83136K, used 67050K [0x000000002eb20000, 0x0000000033c50000, 0x0000000037e20000)
  object space 83136K, 80% used [0x000000002eb20000,0x0000000032c9abf8,0x0000000033c50000)
 PSPermGen       total 98496K, used 85605K [0x0000000026b20000, 0x000000002cb50000, 0x000000002eb20000)
  object space 98496K, 86% used [0x0000000026b20000,0x000000002beb9720,0x000000002cb50000)

Dynamic libraries:
0x0000000140000000 - 0x0000000140028000 	C:\Program Files\MATLAB\R2013a\bin\win64\MATLAB.exe
0x00000000775f0000 - 0x0000000077799000 	C:\Windows\SYSTEM32\ntdll.dll
0x00000000774d0000 - 0x00000000775ef000 	C:\Windows\system32\kernel32.dll
0x000007fefd650000 - 0x000007fefd6bb000 	C:\Windows\system32\KERNELBASE.dll
0x0000000074460000 - 0x0000000074515000 	C:\Program Files\MATLAB\R2013a\bin\win64\libut.dll
0x00000000758a0000 - 0x000000007595f000 	C:\Program Files\MATLAB\R2013a\bin\win64\libmwi18n.dll
0x0000000180000000 - 0x000000018000d000 	C:\Program Files\MATLAB\R2013a\bin\win64\libmwresource_core.dll
0x00000000710a0000 - 0x0000000071138000 	C:\Program Files\MATLAB\R2013a\bin\win64\MSVCP100.dll
0x00000000703d0000 - 0x00000000704a2000 	C:\Program Files\MATLAB\R2013a\bin\win64\MSVCR100.dll
0x0000000073190000 - 0x000000007319e000 	C:\Program Files\MATLAB\R2013a\bin\win64\boost_date_time-vc100-mt-1_49.dll
0x0000000071070000 - 0x000000007109c000 	C:\Program Files\MATLAB\R2013a\bin\win64\boost_filesystem-vc100-mt-1_49.dll
0x0000000073210000 - 0x0000000073219000 	C:\Program Files\MATLAB\R2013a\bin\win64\boost_system-vc100-mt-1_49.dll
0x000007fefd7d0000 - 0x000007fefd8ab000 	C:\Windows\system32\ADVAPI32.dll
0x000007fefdc50000 - 0x000007fefdcef000 	C:\Windows\system32\msvcrt.dll
0x000007fefeb50000 - 0x000007fefeb6f000 	C:\Windows\SYSTEM32\sechost.dll
0x000007fefdb20000 - 0x000007fefdc4d000 	C:\Windows\system32\RPCRT4.dll
0x0000000071040000 - 0x0000000071065000 	C:\Program Files\MATLAB\R2013a\bin\win64\LIBEXPAT.dll
0x000000006c100000 - 0x000000006c28a000 	C:\Program Files\MATLAB\R2013a\bin\win64\icuin49.dll
0x0000000069320000 - 0x000000006945e000 	C:\Program Files\MATLAB\R2013a\bin\win64\icuuc49.dll
0x0000000061530000 - 0x0000000062652000 	C:\Program Files\MATLAB\R2013a\bin\win64\icudt49.dll
0x0000000071030000 - 0x0000000071040000 	C:\Program Files\MATLAB\R2013a\bin\win64\icuio49.dll
0x0000000073f70000 - 0x0000000074112000 	C:\Program Files\MATLAB\R2013a\bin\win64\libmwfl.dll
0x000000007a350000 - 0x000000007a737000 	C:\Program Files\MATLAB\R2013a\bin\win64\libmwMATLAB_res.dll
0x0000000069240000 - 0x000000006931f000 	C:\Program Files\MATLAB\R2013a\bin\win64\boost_regex-vc100-mt-1_49.dll
0x00000000773d0000 - 0x00000000774ca000 	C:\Windows\system32\USER32.dll
0x000007fefeaa0000 - 0x000007fefeb07000 	C:\Windows\system32\GDI32.dll
0x000007fefeb10000 - 0x000007fefeb1e000 	C:\Windows\system32\LPK.dll
0x000007fefdcf0000 - 0x000007fefddb9000 	C:\Windows\system32\USP10.dll
0x0000000071010000 - 0x0000000071021000 	C:\Program Files\MATLAB\R2013a\bin\win64\boost_signals-vc100-mt-1_49.dll
0x00000000703b0000 - 0x00000000703c1000 	C:\Program Files\MATLAB\R2013a\bin\win64\boost_thread-vc100-mt-1_49.dll
0x000007fef3a50000 - 0x000007fef3adc000 	C:\Program Files\MATLAB\R2013a\bin\win64\boost_log-vc100-mt-1_49.dll
0x00000000777b0000 - 0x00000000777b7000 	C:\Windows\system32\PSAPI.DLL
0x000007fefe0e0000 - 0x000007fefe12d000 	C:\Windows\system32\WS2_32.dll
0x000007fefe310000 - 0x000007fefe318000 	C:\Windows\system32\NSI.dll
0x000007fefa420000 - 0x000007fefa453000 	C:\Program Files\MATLAB\R2013a\bin\win64\tbb.dll
0x000007fefe3c0000 - 0x000007fefe3d9000 	C:\Windows\system32\imagehlp.dll
0x000007fefb170000 - 0x000007fefb19c000 	C:\Windows\system32\POWRPROF.dll
0x000007fefe130000 - 0x000007fefe307000 	C:\Windows\system32\SETUPAPI.dll
0x000007fefd6d0000 - 0x000007fefd706000 	C:\Windows\system32\CFGMGR32.dll
0x000007fefddc0000 - 0x000007fefde97000 	C:\Windows\system32\OLEAUT32.dll
0x000007fefe7b0000 - 0x000007fefe9b3000 	C:\Windows\system32\ole32.dll
0x000007fefd5e0000 - 0x000007fefd5fa000 	C:\Windows\system32\DEVOBJ.dll
0x0000000004100000 - 0x0000000004121000 	C:\Program Files\MATLAB\R2013a\bin\win64\libmwmfl_scalar.dll
0x000007fefc2c0000 - 0x000007fefc3e5000 	C:\Windows\system32\dbghelp.dll
0x00000000042a0000 - 0x00000000045cf000 	C:\Program Files\MATLAB\R2013a\bin\win64\libmwservices.dll
0x0000000075a20000 - 0x0000000075b0b000 	C:\Program Files\MATLAB\R2013a\bin\win64\libmx.dll
0x000007fefa3f0000 - 0x000007fefa418000 	C:\Program Files\MATLAB\R2013a\bin\win64\tbbmalloc.dll
0x0000000070390000 - 0x00000000703a7000 	C:\Program Files\MATLAB\R2013a\bin\win64\zlib1.dll
0x0000000004130000 - 0x000000000417e000 	C:\Program Files\MATLAB\R2013a\bin\win64\libmwregexp.dll
0x0000000075f10000 - 0x0000000075f57000 	C:\Program Files\MATLAB\R2013a\bin\win64\mpath.dll
0x000000007b680000 - 0x000000007bc66000 	C:\Program Files\MATLAB\R2013a\bin\win64\mlutil.dll
0x00000000754d0000 - 0x0000000075547000 	C:\Program Files\MATLAB\R2013a\bin\win64\xmlcore.dll
0x0000000068ff0000 - 0x0000000069231000 	C:\Program Files\MATLAB\R2013a\bin\win64\xerces-c_2_7.dll
0x00000000045d0000 - 0x00000000045f2000 	C:\Program Files\MATLAB\R2013a\bin\win64\libmwMATLAB_settings_res.dll
0x000007fefa3e0000 - 0x000007fefa3f0000 	C:\Program Files\MATLAB\R2013a\bin\win64\boost_iostreams-vc100-mt-1_49.dll
0x000007fefa330000 - 0x000007fefa376000 	C:\Program Files\MATLAB\R2013a\bin\win64\boost_serialization-vc100-mt-1_49.dll
0x000007fefeb70000 - 0x000007feff8f8000 	C:\Windows\system32\SHELL32.dll
0x000007fefea20000 - 0x000007fefea91000 	C:\Windows\system32\SHLWAPI.dll
0x0000000004190000 - 0x0000000004196000 	C:\Program Files\MATLAB\R2013a\bin\win64\libmwnativedisplay.dll
0x000007fefc3f0000 - 0x000007fefc490000 	C:\Windows\WinSxS\amd64_microsoft.windows.common-controls_6595b64144ccf1df_5.82.7601.18201_none_a4d3b9377117c3df\COMCTL32.dll
0x000007fefe320000 - 0x000007fefe3b7000 	C:\Windows\system32\COMDLG32.dll
0x000007fefbf20000 - 0x000007fefbf36000 	C:\Windows\system32\NETAPI32.dll
0x000007fefbf10000 - 0x000007fefbf1c000 	C:\Windows\system32\netutils.dll
0x000007fefd150000 - 0x000007fefd173000 	C:\Windows\system32\srvcli.dll
0x000007fefbef0000 - 0x000007fefbf05000 	C:\Windows\system32\wkscli.dll
0x0000000074970000 - 0x0000000074a18000 	C:\Program Files\MATLAB\R2013a\bin\win64\mcr.dll
0x0000000075000000 - 0x00000000753b1000 	C:\Program Files\MATLAB\R2013a\bin\win64\iqm.dll
0x0000000074e80000 - 0x0000000074f30000 	C:\Program Files\MATLAB\R2013a\bin\win64\m_dispatcher.dll
0x0000000004600000 - 0x0000000004e08000 	C:\Program Files\MATLAB\R2013a\bin\win64\m_interpreter.dll
0x0000000004e10000 - 0x0000000004e34000 	C:\Program Files\MATLAB\R2013a\bin\win64\libmex.dll
0x0000000075430000 - 0x00000000754ab000 	C:\Program Files\MATLAB\R2013a\bin\win64\profiler.dll
0x0000000004e40000 - 0x00000000050c3000 	C:\Program Files\MATLAB\R2013a\bin\win64\libmwmathutil.dll
0x0000000079f40000 - 0x0000000079f66000 	C:\Program Files\MATLAB\R2013a\bin\win64\libmwmathrng.dll
0x00000000050d0000 - 0x00000000050e0000 	C:\Program Files\MATLAB\R2013a\bin\win64\libmwmfl_rng.dll
0x0000000074c10000 - 0x0000000074cf8000 	C:\Program Files\MATLAB\R2013a\bin\win64\libmwmathcore.dll
0x0000000076160000 - 0x00000000761c3000 	C:\Program Files\MATLAB\R2013a\bin\win64\libmwspmatrix.dll
0x000000007b0a0000 - 0x000000007b2f6000 	C:\Program Files\MATLAB\R2013a\bin\win64\mcos.dll
0x0000000075ea0000 - 0x0000000075f02000 	C:\Program Files\MATLAB\R2013a\bin\win64\libmwcholmod.dll
0x00000000050f0000 - 0x00000000050fd000 	C:\Program Files\MATLAB\R2013a\bin\win64\libmwamd.dll
0x00000000706b0000 - 0x0000000070753000 	C:\Windows\WinSxS\amd64_microsoft.vc90.crt_1fc8b3b9a1e18e3b_9.0.30729.6161_none_08e61857a83bc251\MSVCR90.dll
0x0000000005110000 - 0x000000000511c000 	C:\Program Files\MATLAB\R2013a\bin\win64\libmwcolamd.dll
0x000000007a290000 - 0x000000007a2a3000 	C:\Program Files\MATLAB\R2013a\bin\win64\libmwblas.dll
0x000000007a310000 - 0x000000007a325000 	C:\Program Files\MATLAB\R2013a\bin\win64\libmwbinder.dll
0x0000000005130000 - 0x000000000513b000 	C:\Program Files\MATLAB\R2013a\bin\win64\libmwompwrapper.dll
0x0000000075820000 - 0x000000007589e000 	C:\Program Files\MATLAB\R2013a\bin\win64\libmwlapack.dll
0x000000007a1b0000 - 0x000000007a1d0000 	C:\Program Files\MATLAB\R2013a\bin\win64\m_pcodeio.dll
0x0000000079b10000 - 0x0000000079b6c000 	C:\Program Files\MATLAB\R2013a\bin\win64\m_ir.dll
0x0000000078ed0000 - 0x0000000079579000 	C:\Program Files\MATLAB\R2013a\bin\win64\m_parser.dll
0x000000007a2f0000 - 0x000000007a307000 	C:\Program Files\MATLAB\R2013a\bin\win64\ir_xfmr.dll
0x0000000005140000 - 0x0000000005150000 	C:\Program Files\MATLAB\R2013a\bin\win64\mtok.dll
0x000000007a130000 - 0x000000007a158000 	C:\Program Files\MATLAB\R2013a\bin\win64\m_pcodegen.dll
0x0000000079fb0000 - 0x0000000079fdf000 	C:\Program Files\MATLAB\R2013a\bin\win64\libmwbridge.dll
0x0000000074f40000 - 0x0000000074ff6000 	C:\Program Files\MATLAB\R2013a\bin\win64\udd.dll
0x0000000073cc0000 - 0x0000000073e0e000 	C:\Program Files\MATLAB\R2013a\bin\win64\libmwgui.dll
0x000000007a1d0000 - 0x000000007a1f4000 	C:\Program Files\MATLAB\R2013a\bin\win64\graphics_util.dll
0x000007fef1fa0000 - 0x000007fef2058000 	C:\Program Files\MATLAB\R2013a\bin\win64\libtex_base.dll
0x0000000005150000 - 0x0000000005a93000 	C:\Program Files\MATLAB\R2013a\bin\win64\hg.dll
0x0000000076100000 - 0x000000007615a000 	C:\Program Files\MATLAB\R2013a\bin\win64\libmat.dll
0x0000000072d30000 - 0x0000000072f38000 	C:\Program Files\MATLAB\R2013a\bin\win64\hdf5dll.dll
0x0000000075710000 - 0x00000000757d8000 	C:\Program Files\MATLAB\R2013a\bin\win64\jmi.dll
0x0000000005ab0000 - 0x0000000005abe000 	C:\Program Files\MATLAB\R2013a\bin\win64\nativejava_services.dll
0x0000000005ac0000 - 0x0000000005b00000 	C:\Program Files\MATLAB\R2013a\bin\win64\libmwhardcopy.dll
0x0000000075c70000 - 0x0000000075cce000 	C:\Program Files\MATLAB\R2013a\bin\win64\libuij.dll
0x0000000072f50000 - 0x000000007318f000 	C:\Program Files\MATLAB\R2013a\bin\win64\hgdatatypes.dll
0x0000000005b00000 - 0x0000000005beb000 	C:\Program Files\MATLAB\R2013a\bin\win64\hgutils.dll
0x0000000005bf0000 - 0x0000000005c9e000 	C:\Program Files\MATLAB\R2013a\bin\win64\udd_mi.dll
0x0000000005ca0000 - 0x0000000005cd6000 	C:\Program Files\MATLAB\R2013a\bin\win64\libmwgbtutils.dll
0x0000000005ce0000 - 0x0000000005cf4000 	C:\Program Files\MATLAB\R2013a\bin\win64\libmwgbt.dll
0x0000000005d00000 - 0x0000000005fce000 	C:\Program Files\MATLAB\R2013a\bin\win64\uiw.dll
0x0000000005fd0000 - 0x0000000005fd9000 	C:\Program Files\MATLAB\R2013a\bin\win64\uinone.dll
0x0000000005fe0000 - 0x0000000006006000 	C:\Program Files\MATLAB\R2013a\bin\win64\libmwnativefiledialogs.dll
0x0000000006010000 - 0x000000000601c000 	C:\Program Files\MATLAB\R2013a\bin\win64\libmwplatform_res.dll
0x000007fefbed0000 - 0x000007fefbee8000 	C:\Windows\system32\MPR.dll
0x0000000068a90000 - 0x0000000068fed000 	C:\Program Files\MATLAB\R2013a\bin\win64\mfc100.dll
0x000007fefc490000 - 0x000007fefc497000 	C:\Windows\system32\MSIMG32.dll
0x000007fefbbd0000 - 0x000007fefbc41000 	C:\Windows\system32\WINSPOOL.DRV
0x0000000006020000 - 0x000000000603d000 	C:\Program Files\MATLAB\R2013a\bin\win64\mwoles05.DLL
0x0000000006040000 - 0x00000000060ac000 	C:\Program Files\MATLAB\R2013a\bin\win64\comcli.dll
0x000000006dab0000 - 0x000000006dadb000 	C:\Program Files\MATLAB\R2013a\bin\win64\ATL100.DLL
0x00000000060b0000 - 0x00000000060bc000 	C:\Program Files\MATLAB\R2013a\bin\win64\mlautoregister.dll
0x00000000060c0000 - 0x0000000006216000 	C:\Program Files\MATLAB\R2013a\bin\win64\mvm.dll
0x000007fefeb20000 - 0x000007fefeb4e000 	C:\Windows\system32\IMM32.DLL
0x000007fefda10000 - 0x000007fefdb19000 	C:\Windows\system32\MSCTF.dll
0x000007fefbb70000 - 0x000007fefbbc6000 	C:\Windows\system32\UxTheme.dll
0x000007fefbb50000 - 0x000007fefbb68000 	C:\Windows\system32\dwmapi.dll
0x00000000714f0000 - 0x00000000714fd000 	C:\Program Files\MATLAB\R2013a\bin\win64\MFC100ENU.DLL
0x0000000007c10000 - 0x0000000007c82000 	C:\Windows\system32\guard64.dll
0x000007fefd220000 - 0x000007fefd229000 	C:\Windows\system32\fltlib.dll

VM Arguments:
jvm_args: -XX:PermSize=32m -Xms64m -XX:NewRatio=3 -XX:MaxPermSize=128m -Xmx196m -XX:MaxDirectMemorySize=2147400000 -Dsun.java2d.noddraw=true -Dsun.awt.nopixfmt=true -Xshare:off -Xrs -Dsun.awt.disableMixing=true -Djava.library.path=C:\Program Files\MATLAB\R2013a\bin\win64;C:\Program Files\MATLAB\R2013a\sys\jxbrowser\win64\lib vfprintf abort 
java_command: <unknown>
Launcher Type: generic

Environment Variables:
JAVA_HOME=C:\Program Files\Java\jdk1.7.0_25
PATH=C:\Program Files (x86)\NVIDIA Corporation\PhysX\Common;C:\Windows\system32;C:\Windows;C:\Windows\System32\Wbem;C:\Windows\System32\WindowsPowerShell\v1.0\;C:\Program Files\MATLAB\R2013a\runtime\win64;C:\Program Files\MATLAB\R2013a\bin;C:\Program Files\Microsoft SQL Server\110\Tools\Binn\;C:\Program Files\Microsoft Windows Performance Toolkit\
USERNAME=Matthias
OS=Windows_NT
PROCESSOR_IDENTIFIER=Intel64 Family 6 Model 23 Stepping 10, GenuineIntel



---------------  S Y S T E M  ---------------

OS: Windows 7 Build 7601 Service Pack 1

CPU:total 2 (2 cores per cpu, 1 threads per core) family 6 model 23 stepping 10, cmov, cx8, fxsr, mmx, sse, sse2, sse3, ssse3

Memory: 4k page, physical 4158316k(946856k free), swap 8314768k(4605804k free)

vm_info: Java HotSpot(TM) 64-Bit Server VM (14.3-b01) for windows-amd64 JRE (1.6.0_17-b04), built on Oct 11 2009 00:46:08 by "java_re" with MS VC++ 8.0

time: Mon Nov 25 15:29:09 2013
elapsed time: 6092 seconds

